{"contracts\\founders\\Founders.sol":{"l":{"22":3,"23":3,"30":3,"31":3,"39":0,"44":0,"45":0,"46":0,"47":0,"48":0,"49":0,"50":0,"51":0,"52":0},"path":"C:\\Users\\nick\\Desktop\\ecosystem-oct--16\\contracts\\founders\\Founders.sol","s":{"1":3,"2":3,"3":0,"4":0,"5":0,"6":0,"7":0,"8":0,"9":0,"10":0},"b":{"1":[3,0],"2":[0,0],"3":[0,0],"4":[0,0]},"f":{"1":3,"2":3,"3":0,"4":0},"fnMap":{"1":{"name":"constructor","line":21,"loc":{"start":{"line":21,"column":4},"end":{"line":24,"column":4}}},"2":{"name":"addFounder","line":28,"loc":{"start":{"line":26,"column":7},"end":{"line":32,"column":4}}},"3":{"name":"allocateToFounder","line":37,"loc":{"start":{"line":35,"column":4},"end":{"line":40,"column":4}}},"4":{"name":"executeAllocations","line":43,"loc":{"start":{"line":43,"column":4},"end":{"line":56,"column":4}}}},"statementMap":{"1":{"start":{"line":23,"column":8},"end":{"line":23,"column":18}},"2":{"start":{"line":31,"column":8},"end":{"line":31,"column":29}},"3":{"start":{"line":44,"column":8},"end":{"line":44,"column":18}},"4":{"start":{"line":45,"column":8},"end":{"line":45,"column":1472}},"5":{"start":{"line":47,"column":16},"end":{"line":47,"column":39}},"6":{"start":{"line":48,"column":16},"end":{"line":48,"column":1605}},"7":{"start":{"line":49,"column":20},"end":{"line":49,"column":62}},"8":{"start":{"line":50,"column":20},"end":{"line":50,"column":47}},"9":{"start":{"line":51,"column":20},"end":{"line":51,"column":51}},"10":{"start":{"line":52,"column":20},"end":{"line":52,"column":59}}},"branchMap":{"1":{"line":28,"type":"if","locations":[{"start":{"line":28,"column":8},"end":{"line":28,"column":8}},{"start":{"line":28,"column":8},"end":{"line":28,"column":8}}]},"2":{"line":37,"type":"if","locations":[{"start":{"line":37,"column":8},"end":{"line":37,"column":8}},{"start":{"line":37,"column":8},"end":{"line":37,"column":8}}]},"3":{"line":43,"type":"if","locations":[{"start":{"line":43,"column":52},"end":{"line":43,"column":52}},{"start":{"line":43,"column":52},"end":{"line":43,"column":52}}]},"4":{"line":48,"type":"if","locations":[{"start":{"line":48,"column":16},"end":{"line":48,"column":16}},{"start":{"line":48,"column":16},"end":{"line":48,"column":16}}]}}},"contracts\\Logic\\AKXMath.sol":{"l":{"21":0,"22":0,"23":0,"24":0,"25":0,"26":0,"27":0,"28":0,"32":0,"36":0,"40":0,"44":0,"48":0,"52":0,"56":0,"61":0,"62":0,"64":0},"path":"C:\\Users\\nick\\Desktop\\ecosystem-oct--16\\contracts\\Logic\\AKXMath.sol","s":{"1":0,"2":0,"3":0,"4":0,"5":0,"6":0,"7":0,"8":0,"9":0,"10":0},"b":{"1":[0,0]},"f":{"1":0,"2":0,"3":0,"4":0,"5":0,"6":0,"7":0,"8":0,"9":0},"fnMap":{"1":{"name":"init","line":20,"loc":{"start":{"line":20,"column":4},"end":{"line":29,"column":4}}},"2":{"name":"getPercentForFounder","line":31,"loc":{"start":{"line":31,"column":4},"end":{"line":33,"column":4}}},"3":{"name":"getReserveAmount","line":35,"loc":{"start":{"line":35,"column":4},"end":{"line":37,"column":4}}},"4":{"name":"getPresaleSupply","line":39,"loc":{"start":{"line":39,"column":4},"end":{"line":41,"column":4}}},"5":{"name":"getOperationAmount","line":43,"loc":{"start":{"line":43,"column":4},"end":{"line":45,"column":4}}},"6":{"name":"getMaxCirculating","line":47,"loc":{"start":{"line":47,"column":4},"end":{"line":49,"column":4}}},"7":{"name":"getTxFee","line":51,"loc":{"start":{"line":51,"column":4},"end":{"line":53,"column":4}}},"8":{"name":"getRewardRate","line":55,"loc":{"start":{"line":55,"column":4},"end":{"line":57,"column":4}}},"9":{"name":"getRatePercent","line":60,"loc":{"start":{"line":60,"column":4},"end":{"line":65,"column":4}}}},"statementMap":{"1":{"start":{"line":32,"column":8},"end":{"line":32,"column":52}},"2":{"start":{"line":36,"column":8},"end":{"line":36,"column":42}},"3":{"start":{"line":40,"column":9},"end":{"line":40,"column":50}},"4":{"start":{"line":44,"column":8},"end":{"line":44,"column":45}},"5":{"start":{"line":48,"column":8},"end":{"line":48,"column":49}},"6":{"start":{"line":52,"column":8},"end":{"line":52,"column":35}},"7":{"start":{"line":56,"column":8},"end":{"line":56,"column":53}},"8":{"start":{"line":61,"column":8},"end":{"line":61,"column":1677}},"9":{"start":{"line":62,"column":12},"end":{"line":62,"column":42}},"10":{"start":{"line":64,"column":8},"end":{"line":64,"column":38}}},"branchMap":{"1":{"line":61,"type":"if","locations":[{"start":{"line":61,"column":8},"end":{"line":61,"column":8}},{"start":{"line":61,"column":8},"end":{"line":61,"column":8}}]}}},"contracts\\Logic\\AKXTokenLogicEth.sol":{"l":{"98":12,"99":12,"100":12,"105":0,"115":0,"116":0,"117":0,"124":0,"125":0,"132":0,"137":0,"138":0,"139":0,"141":0,"142":0,"145":0,"146":0,"151":0,"152":0,"153":0,"154":0,"160":0,"161":0,"166":0,"172":0,"173":0,"175":0,"176":0,"178":0,"179":0,"183":0,"184":0,"186":0,"187":0,"188":0,"189":0,"191":0,"199":0,"200":0,"201":0,"204":0,"205":0,"208":0,"214":0,"215":0,"220":0,"221":0,"222":0,"232":0,"233":0,"234":0,"238":0,"239":0,"241":0,"242":0,"244":0,"245":0,"247":0,"252":0},"path":"C:\\Users\\nick\\Desktop\\ecosystem-oct--16\\contracts\\Logic\\AKXTokenLogicEth.sol","s":{"1":0,"2":0,"3":0,"4":0,"5":0,"6":0,"7":0,"8":0,"9":0,"10":0,"11":0,"12":0,"13":0,"14":0,"15":0,"16":0,"17":0,"18":0,"19":0,"20":0,"21":0,"22":0,"23":0,"24":0,"25":0,"26":0,"27":0,"28":0,"29":0,"30":0,"31":0,"32":0,"33":0,"34":0,"35":0,"36":0,"37":0},"b":{"1":[0,0],"2":[0,0],"3":[0,0],"4":[0,0],"5":[0,0],"6":[0,0],"7":[0,0],"8":[0,0],"9":[0,0],"10":[0,0],"11":[0,0],"12":[0,0],"13":[0,0],"14":[0,0],"15":[0,0],"16":[0,0],"17":[0,0],"18":[0,0],"19":[0,0],"20":[0,0],"21":[0,0],"22":[0,0]},"f":{"1":12,"2":0,"3":0,"4":0,"5":0,"6":0,"7":0,"8":0,"9":0,"10":0,"11":0,"12":0,"13":0,"14":0,"15":0},"fnMap":{"1":{"name":"constructor","line":97,"loc":{"start":{"line":97,"column":4},"end":{"line":102,"column":6}}},"2":{"name":"setUnderlyingToken","line":104,"loc":{"start":{"line":104,"column":4},"end":{"line":106,"column":4}}},"3":{"name":"updatePrice","line":114,"loc":{"start":{"line":114,"column":4},"end":{"line":118,"column":4}}},"4":{"name":"setFeeWallet","line":123,"loc":{"start":{"line":123,"column":4},"end":{"line":126,"column":4}}},"5":{"name":"setTreasury","line":131,"loc":{"start":{"line":131,"column":4},"end":{"line":133,"column":4}}},"6":{"name":"endPresale","line":135,"loc":{"start":{"line":135,"column":4},"end":{"line":148,"column":4}}},"7":{"name":"_endPresale","line":150,"loc":{"start":{"line":150,"column":4},"end":{"line":155,"column":4}}},"8":{"name":"enableTransfer","line":159,"loc":{"start":{"line":159,"column":4},"end":{"line":163,"column":4}}},"9":{"name":"disableTransfer","line":165,"loc":{"start":{"line":165,"column":4},"end":{"line":167,"column":4}}},"10":{"name":"buy","line":171,"loc":{"start":{"line":171,"column":4},"end":{"line":192,"column":4}}},"11":{"name":"mintOverflowCheck","line":194,"loc":{"start":{"line":194,"column":4},"end":{"line":209,"column":4}}},"12":{"name":"safeMint","line":213,"loc":{"start":{"line":213,"column":4},"end":{"line":217,"column":4}}},"13":{"name":"mintFees","line":219,"loc":{"start":{"line":219,"column":4},"end":{"line":223,"column":4}}},"14":{"name":"withdrawToTreasury","line":230,"loc":{"start":{"line":227,"column":4},"end":{"line":235,"column":4}}},"15":{"name":"deposit","line":237,"loc":{"start":{"line":237,"column":4},"end":{"line":248,"column":4}}}},"statementMap":{"1":{"start":{"line":115,"column":8},"end":{"line":115,"column":33}},"2":{"start":{"line":117,"column":8},"end":{"line":117,"column":58}},"3":{"start":{"line":125,"column":8},"end":{"line":125,"column":30}},"4":{"start":{"line":137,"column":8},"end":{"line":137,"column":4900}},"5":{"start":{"line":138,"column":12},"end":{"line":138,"column":4942}},"6":{"start":{"line":139,"column":16},"end":{"line":139,"column":28}},"7":{"start":{"line":141,"column":16},"end":{"line":141,"column":30}},"8":{"start":{"line":142,"column":16},"end":{"line":142,"column":27}},"9":{"start":{"line":145,"column":12},"end":{"line":145,"column":26}},"10":{"start":{"line":146,"column":12},"end":{"line":146,"column":23}},"11":{"start":{"line":152,"column":8},"end":{"line":152,"column":23}},"12":{"start":{"line":153,"column":8},"end":{"line":153,"column":27}},"13":{"start":{"line":154,"column":8},"end":{"line":154,"column":45}},"14":{"start":{"line":161,"column":8},"end":{"line":161,"column":40}},"15":{"start":{"line":172,"column":8},"end":{"line":172,"column":5930}},"16":{"start":{"line":175,"column":8},"end":{"line":175,"column":6016}},"17":{"start":{"line":178,"column":8},"end":{"line":178,"column":6097}},"18":{"start":{"line":183,"column":8},"end":{"line":183,"column":54}},"19":{"start":{"line":184,"column":8},"end":{"line":184,"column":41}},"20":{"start":{"line":186,"column":8},"end":{"line":186,"column":6293}},"21":{"start":{"line":188,"column":12},"end":{"line":188,"column":38}},"22":{"start":{"line":189,"column":12},"end":{"line":189,"column":50}},"23":{"start":{"line":191,"column":8},"end":{"line":191,"column":56}},"24":{"start":{"line":199,"column":8},"end":{"line":199,"column":6693}},"25":{"start":{"line":200,"column":12},"end":{"line":200,"column":6753}},"26":{"start":{"line":204,"column":12},"end":{"line":204,"column":6869}},"27":{"start":{"line":214,"column":8},"end":{"line":214,"column":45}},"28":{"start":{"line":215,"column":8},"end":{"line":215,"column":32}},"29":{"start":{"line":220,"column":8},"end":{"line":220,"column":38}},"30":{"start":{"line":221,"column":8},"end":{"line":221,"column":44}},"31":{"start":{"line":222,"column":11},"end":{"line":222,"column":53}},"32":{"start":{"line":232,"column":8},"end":{"line":232,"column":56}},"33":{"start":{"line":233,"column":8},"end":{"line":233,"column":85}},"34":{"start":{"line":238,"column":8},"end":{"line":238,"column":7837}},"35":{"start":{"line":241,"column":8},"end":{"line":241,"column":7920}},"36":{"start":{"line":244,"column":8},"end":{"line":244,"column":7996}},"37":{"start":{"line":247,"column":8},"end":{"line":247,"column":35}}},"branchMap":{"1":{"line":104,"type":"if","locations":[{"start":{"line":104,"column":56},"end":{"line":104,"column":56}},{"start":{"line":104,"column":56},"end":{"line":104,"column":56}}]},"2":{"line":114,"type":"if","locations":[{"start":{"line":114,"column":50},"end":{"line":114,"column":50}},{"start":{"line":114,"column":50},"end":{"line":114,"column":50}}]},"3":{"line":123,"type":"if","locations":[{"start":{"line":123,"column":46},"end":{"line":123,"column":46}},{"start":{"line":123,"column":46},"end":{"line":123,"column":46}}]},"4":{"line":131,"type":"if","locations":[{"start":{"line":131,"column":45},"end":{"line":131,"column":45}},{"start":{"line":131,"column":45},"end":{"line":131,"column":45}}]},"5":{"line":135,"type":"if","locations":[{"start":{"line":135,"column":42},"end":{"line":135,"column":42}},{"start":{"line":135,"column":42},"end":{"line":135,"column":42}}]},"6":{"line":137,"type":"if","locations":[{"start":{"line":137,"column":8},"end":{"line":137,"column":8}},{"start":{"line":137,"column":8},"end":{"line":137,"column":8}}]},"7":{"line":138,"type":"if","locations":[{"start":{"line":138,"column":12},"end":{"line":138,"column":12}},{"start":{"line":138,"column":12},"end":{"line":138,"column":12}}]},"8":{"line":159,"type":"if","locations":[{"start":{"line":159,"column":37},"end":{"line":159,"column":37}},{"start":{"line":159,"column":37},"end":{"line":159,"column":37}}]},"9":{"line":165,"type":"if","locations":[{"start":{"line":165,"column":38},"end":{"line":165,"column":38}},{"start":{"line":165,"column":38},"end":{"line":165,"column":38}}]},"10":{"line":172,"type":"if","locations":[{"start":{"line":172,"column":8},"end":{"line":172,"column":8}},{"start":{"line":172,"column":8},"end":{"line":172,"column":8}}]},"11":{"line":175,"type":"if","locations":[{"start":{"line":175,"column":8},"end":{"line":175,"column":8}},{"start":{"line":175,"column":8},"end":{"line":175,"column":8}}]},"12":{"line":178,"type":"if","locations":[{"start":{"line":178,"column":8},"end":{"line":178,"column":8}},{"start":{"line":178,"column":8},"end":{"line":178,"column":8}}]},"13":{"line":186,"type":"if","locations":[{"start":{"line":186,"column":8},"end":{"line":186,"column":8}},{"start":{"line":186,"column":8},"end":{"line":186,"column":8}}]},"14":{"line":199,"type":"if","locations":[{"start":{"line":199,"column":8},"end":{"line":199,"column":8}},{"start":{"line":199,"column":8},"end":{"line":199,"column":8}}]},"15":{"line":200,"type":"if","locations":[{"start":{"line":200,"column":12},"end":{"line":200,"column":12}},{"start":{"line":200,"column":12},"end":{"line":200,"column":12}}]},"16":{"line":204,"type":"if","locations":[{"start":{"line":204,"column":12},"end":{"line":204,"column":12}},{"start":{"line":204,"column":12},"end":{"line":204,"column":12}}]},"17":{"line":229,"type":"if","locations":[{"start":{"line":229,"column":8},"end":{"line":229,"column":8}},{"start":{"line":229,"column":8},"end":{"line":229,"column":8}}]},"18":{"line":230,"type":"if","locations":[{"start":{"line":230,"column":8},"end":{"line":230,"column":8}},{"start":{"line":230,"column":8},"end":{"line":230,"column":8}}]},"19":{"line":237,"type":"if","locations":[{"start":{"line":237,"column":59},"end":{"line":237,"column":59}},{"start":{"line":237,"column":59},"end":{"line":237,"column":59}}]},"20":{"line":238,"type":"if","locations":[{"start":{"line":238,"column":8},"end":{"line":238,"column":8}},{"start":{"line":238,"column":8},"end":{"line":238,"column":8}}]},"21":{"line":241,"type":"if","locations":[{"start":{"line":241,"column":8},"end":{"line":241,"column":8}},{"start":{"line":241,"column":8},"end":{"line":241,"column":8}}]},"22":{"line":244,"type":"if","locations":[{"start":{"line":244,"column":8},"end":{"line":244,"column":8}},{"start":{"line":244,"column":8},"end":{"line":244,"column":8}}]}}},"contracts\\Roles.sol":{"l":{"9":36,"10":36,"11":36,"23":0,"24":0},"path":"C:\\Users\\nick\\Desktop\\ecosystem-oct--16\\contracts\\Roles.sol","s":{"1":36,"2":36,"3":36,"4":0},"b":{"1":[0,0]},"f":{"1":36,"2":0},"fnMap":{"1":{"name":"initRoles","line":8,"loc":{"start":{"line":8,"column":4},"end":{"line":12,"column":4}}},"2":{"name":"onlyOwner","line":22,"loc":{"start":{"line":22,"column":6},"end":{"line":25,"column":6}}}},"statementMap":{"1":{"start":{"line":9,"column":8},"end":{"line":9,"column":51}},"2":{"start":{"line":10,"column":8},"end":{"line":10,"column":46}},"3":{"start":{"line":11,"column":8},"end":{"line":11,"column":50}},"4":{"start":{"line":23,"column":8},"end":{"line":23,"column":69}}},"branchMap":{"1":{"line":23,"type":"if","locations":[{"start":{"line":23,"column":8},"end":{"line":23,"column":8}},{"start":{"line":23,"column":8},"end":{"line":23,"column":8}}]}}},"contracts\\tokens\\AKX.sol":{"l":{"27":33,"28":33,"29":33,"34":0,"40":0,"44":0,"45":0,"49":0,"50":0,"51":0,"53":0,"60":0,"64":0,"65":0,"67":0},"path":"C:\\Users\\nick\\Desktop\\ecosystem-oct--16\\contracts\\tokens\\AKX.sol","s":{"1":33,"2":33,"3":33,"4":0,"5":0,"6":0,"7":0,"8":0,"9":0},"b":{"1":[0,0],"2":[0,0],"3":[0,0],"4":[0,0],"5":[0,0],"6":[0,0],"7":[0,0],"8":[0,0]},"f":{"1":33,"2":0,"3":0,"4":0,"5":0,"6":0},"fnMap":{"1":{"name":"constructor","line":26,"loc":{"start":{"line":26,"column":4},"end":{"line":31,"column":4}}},"2":{"name":"mint","line":33,"loc":{"start":{"line":33,"column":4},"end":{"line":35,"column":4}}},"3":{"name":"enableTransfer","line":39,"loc":{"start":{"line":39,"column":1},"end":{"line":41,"column":4}}},"4":{"name":"isTransferable","line":43,"loc":{"start":{"line":43,"column":4},"end":{"line":46,"column":4}}},"5":{"name":"transfer","line":48,"loc":{"start":{"line":48,"column":4},"end":{"line":54,"column":4}}},"6":{"name":"withdraw","line":59,"loc":{"start":{"line":59,"column":4},"end":{"line":61,"column":4}}}},"statementMap":{"1":{"start":{"line":27,"column":8},"end":{"line":27,"column":18}},"2":{"start":{"line":28,"column":8},"end":{"line":28,"column":51}},"3":{"start":{"line":29,"column":8},"end":{"line":29,"column":50}},"4":{"start":{"line":34,"column":4},"end":{"line":34,"column":31}},"5":{"start":{"line":44,"column":8},"end":{"line":44,"column":106}},"6":{"start":{"line":49,"column":8},"end":{"line":49,"column":1331}},"7":{"start":{"line":50,"column":11},"end":{"line":50,"column":37}},"8":{"start":{"line":53,"column":7},"end":{"line":53,"column":31}},"9":{"start":{"line":60,"column":8},"end":{"line":60,"column":50}}},"branchMap":{"1":{"line":33,"type":"if","locations":[{"start":{"line":33,"column":59},"end":{"line":33,"column":59}},{"start":{"line":33,"column":59},"end":{"line":33,"column":59}}]},"2":{"line":39,"type":"if","locations":[{"start":{"line":39,"column":34},"end":{"line":39,"column":34}},{"start":{"line":39,"column":34},"end":{"line":39,"column":34}}]},"3":{"line":44,"type":"if","locations":[{"start":{"line":44,"column":8},"end":{"line":44,"column":8}},{"start":{"line":44,"column":8},"end":{"line":44,"column":8}}]},"4":{"line":44,"type":"cond-expr","locations":[{"start":{"line":44,"column":16},"end":{"line":44,"column":35}},{"start":{"line":44,"column":40},"end":{"line":44,"column":77}}]},"5":{"line":48,"type":"if","locations":[{"start":{"line":48,"column":58},"end":{"line":48,"column":58}},{"start":{"line":48,"column":58},"end":{"line":48,"column":58}}]},"6":{"line":49,"type":"if","locations":[{"start":{"line":49,"column":8},"end":{"line":49,"column":8}},{"start":{"line":49,"column":8},"end":{"line":49,"column":8}}]},"7":{"line":59,"type":"if","locations":[{"start":{"line":59,"column":43},"end":{"line":59,"column":43}},{"start":{"line":59,"column":43},"end":{"line":59,"column":43}}]},"8":{"line":64,"type":"if","locations":[{"start":{"line":64,"column":8},"end":{"line":64,"column":8}},{"start":{"line":64,"column":8},"end":{"line":64,"column":8}}]}}},"contracts\\tokens\\Base\\ERC20.sol":{"l":{"52":33,"53":33,"54":33,"55":33,"63":0,"65":0,"67":0,"71":0,"75":0,"76":0,"79":0,"81":0,"89":0,"91":0,"93":0,"97":0,"98":0,"101":0,"103":0,"119":0,"123":0,"124":0,"148":0,"150":0,"153":0,"157":0,"161":33,"178":0,"182":0,"183":0,"186":0,"190":0,"194":0,"195":0,"198":0},"path":"C:\\Users\\nick\\Desktop\\ecosystem-oct--16\\contracts\\tokens\\Base\\ERC20.sol","s":{"1":0,"2":0,"3":0,"4":0,"5":0,"6":0,"7":0,"8":0,"9":0,"10":0,"11":0,"12":0,"13":0,"14":33,"15":0,"16":0},"b":{"1":[0,0],"2":[0,0],"3":[0,0],"4":[0,0]},"f":{"1":33,"2":0,"3":0,"4":0,"5":0,"6":0,"7":33,"8":0,"9":0},"fnMap":{"1":{"name":"constructor","line":47,"loc":{"start":{"line":47,"column":4},"end":{"line":56,"column":4}}},"2":{"name":"approve","line":62,"loc":{"start":{"line":62,"column":4},"end":{"line":68,"column":4}}},"3":{"name":"transfer","line":70,"loc":{"start":{"line":70,"column":4},"end":{"line":82,"column":4}}},"4":{"name":"transferFrom","line":84,"loc":{"start":{"line":84,"column":4},"end":{"line":104,"column":4}}},"5":{"name":"permit","line":110,"loc":{"start":{"line":110,"column":4},"end":{"line":154,"column":4}}},"6":{"name":"DOMAIN_SEPARATOR","line":156,"loc":{"start":{"line":156,"column":4},"end":{"line":158,"column":4}}},"7":{"name":"computeDomainSeparator","line":160,"loc":{"start":{"line":160,"column":4},"end":{"line":171,"column":4}}},"8":{"name":"_mint","line":177,"loc":{"start":{"line":177,"column":4},"end":{"line":187,"column":4}}},"9":{"name":"_burn","line":189,"loc":{"start":{"line":189,"column":4},"end":{"line":199,"column":4}}}},"statementMap":{"1":{"start":{"line":65,"column":8},"end":{"line":65,"column":50}},"2":{"start":{"line":67,"column":8},"end":{"line":67,"column":19}},"3":{"start":{"line":79,"column":8},"end":{"line":79,"column":45}},"4":{"start":{"line":81,"column":8},"end":{"line":81,"column":19}},"5":{"start":{"line":89,"column":8},"end":{"line":89,"column":53}},"6":{"start":{"line":91,"column":8},"end":{"line":91,"column":88}},"7":{"start":{"line":101,"column":8},"end":{"line":101,"column":39}},"8":{"start":{"line":103,"column":8},"end":{"line":103,"column":19}},"9":{"start":{"line":119,"column":8},"end":{"line":119,"column":70}},"10":{"start":{"line":124,"column":12},"end":{"line":124,"column":3942}},"11":{"start":{"line":148,"column":12},"end":{"line":148,"column":97}},"12":{"start":{"line":153,"column":8},"end":{"line":153,"column":44}},"13":{"start":{"line":157,"column":8},"end":{"line":157,"column":102}},"14":{"start":{"line":161,"column":8},"end":{"line":161,"column":5308}},"15":{"start":{"line":186,"column":8},"end":{"line":186,"column":45}},"16":{"start":{"line":198,"column":8},"end":{"line":198,"column":47}}},"branchMap":{"1":{"line":91,"type":"if","locations":[{"start":{"line":91,"column":8},"end":{"line":91,"column":8}},{"start":{"line":91,"column":8},"end":{"line":91,"column":8}}]},"2":{"line":119,"type":"if","locations":[{"start":{"line":119,"column":8},"end":{"line":119,"column":8}},{"start":{"line":119,"column":8},"end":{"line":119,"column":8}}]},"3":{"line":148,"type":"if","locations":[{"start":{"line":148,"column":12},"end":{"line":148,"column":12}},{"start":{"line":148,"column":12},"end":{"line":148,"column":12}}]},"4":{"line":157,"type":"if","locations":[{"start":{"line":157,"column":51},"end":{"line":157,"column":74}},{"start":{"line":157,"column":78},"end":{"line":157,"column":101}}]}}}}